Using pre-set license
Built from '2022.3/staging' branch; Version is '2022.3.23f1 (dbb3f7c5b5c6) revision 14398455'; Using compiler version '192829333'; Build Type 'Release'
OS: 'Windows 11  (10.0.22631) 64bit Core' Language: 'en' Physical Memory: 32495 MB
BatchMode: 1, IsHumanControllingUs: 0, StartBugReporterOnCrash: 0, Is64bit: 1, IsPro: 1

COMMAND LINE ARGUMENTS:
C:\dev\unity\2022.3.23f1\Editor\Unity.exe
-adb2
-batchMode
-noUpm
-name
AssetImportWorker0
-projectPath
C:/dev/unity/Nemours/Nemours-Hospital-Hero/Hospital Hero
-logFile
Logs/AssetImportWorker0.log
-srvPort
63035
Successfully changed project path to: C:/dev/unity/Nemours/Nemours-Hospital-Hero/Hospital Hero
C:/dev/unity/Nemours/Nemours-Hospital-Hero/Hospital Hero
[UnityMemory] Configuration Parameters - Can be set up in boot.config
    "memorysetup-bucket-allocator-granularity=16"
    "memorysetup-bucket-allocator-bucket-count=8"
    "memorysetup-bucket-allocator-block-size=33554432"
    "memorysetup-bucket-allocator-block-count=8"
    "memorysetup-main-allocator-block-size=16777216"
    "memorysetup-thread-allocator-block-size=16777216"
    "memorysetup-gfx-main-allocator-block-size=16777216"
    "memorysetup-gfx-thread-allocator-block-size=16777216"
    "memorysetup-cache-allocator-block-size=4194304"
    "memorysetup-typetree-allocator-block-size=2097152"
    "memorysetup-profiler-bucket-allocator-granularity=16"
    "memorysetup-profiler-bucket-allocator-bucket-count=8"
    "memorysetup-profiler-bucket-allocator-block-size=33554432"
    "memorysetup-profiler-bucket-allocator-block-count=8"
    "memorysetup-profiler-allocator-block-size=16777216"
    "memorysetup-profiler-editor-allocator-block-size=1048576"
    "memorysetup-temp-allocator-size-main=16777216"
    "memorysetup-job-temp-allocator-block-size=2097152"
    "memorysetup-job-temp-allocator-block-size-background=1048576"
    "memorysetup-job-temp-allocator-reduction-small-platforms=262144"
    "memorysetup-allocator-temp-initial-block-size-main=262144"
    "memorysetup-allocator-temp-initial-block-size-worker=262144"
    "memorysetup-temp-allocator-size-background-worker=32768"
    "memorysetup-temp-allocator-size-job-worker=262144"
    "memorysetup-temp-allocator-size-preload-manager=33554432"
    "memorysetup-temp-allocator-size-nav-mesh-worker=65536"
    "memorysetup-temp-allocator-size-audio-worker=65536"
    "memorysetup-temp-allocator-size-cloud-worker=32768"
    "memorysetup-temp-allocator-size-gi-baking-worker=262144"
    "memorysetup-temp-allocator-size-gfx=262144"
Player connection [39536] Host "[IP] 10.0.0.41 [Port] 0 [Flags] 2 [Guid] 639246452 [EditorId] 639246452 [Version] 1048832 [Id] WindowsEditor(7,BLUEHEN2-LAPTOP) [Debug] 1 [PackageName] WindowsEditor [ProjectName] Editor" joined multi-casting on [225.0.0.222:54997]...

Player connection [39536] Host "[IP] 10.0.0.41 [Port] 0 [Flags] 2 [Guid] 639246452 [EditorId] 639246452 [Version] 1048832 [Id] WindowsEditor(7,BLUEHEN2-LAPTOP) [Debug] 1 [PackageName] WindowsEditor [ProjectName] Editor" joined alternative multi-casting on [225.0.0.222:34997]...

[Physics::Module] Initialized MultithreadedJobDispatcher with 11 workers.
Refreshing native plugins compatible for Editor in 40.10 ms, found 3 plugins.
Preloading 0 native plugins for Editor in 0.00 ms.
Initialize engine version: 2022.3.23f1 (dbb3f7c5b5c6)
[Subsystems] Discovering subsystems at path C:/dev/unity/2022.3.23f1/Editor/Data/Resources/UnitySubsystems
[Subsystems] Discovering subsystems at path C:/dev/unity/Nemours/Nemours-Hospital-Hero/Hospital Hero/Assets
GfxDevice: creating device client; threaded=0; jobified=0
Direct3D:
    Version:  Direct3D 11.0 [level 11.1]
    Renderer: NVIDIA GeForce GTX 1650 (ID=0x1f91)
    Vendor:   NVIDIA
    VRAM:     3938 MB
    Driver:   32.0.15.5599
Initialize mono
Mono path[0] = 'C:/dev/unity/2022.3.23f1/Editor/Data/Managed'
Mono path[1] = 'C:/dev/unity/2022.3.23f1/Editor/Data/MonoBleedingEdge/lib/mono/unityjit-win32'
Mono config path = 'C:/dev/unity/2022.3.23f1/Editor/Data/MonoBleedingEdge/etc'
Using monoOptions --debugger-agent=transport=dt_socket,embedding=1,server=y,suspend=n,address=127.0.0.1:56200
Begin MonoManager ReloadAssembly
Registering precompiled unity dll's ...
Register platform support module: C:/dev/unity/2022.3.23f1/Editor/Data/PlaybackEngines/WindowsStandaloneSupport/UnityEditor.WindowsStandalone.Extensions.dll
Registered in 0.020797 seconds.
- Loaded All Assemblies, in  0.743 seconds
Native extension for WindowsStandalone target not found
Mono: successfully reloaded assembly
- Finished resetting the current domain, in  0.673 seconds
Domain Reload Profiling: 1410ms
	BeginReloadAssembly (215ms)
		ExecutionOrderSort (0ms)
		DisableScriptedObjects (0ms)
		BackupInstance (0ms)
		ReleaseScriptingObjects (0ms)
		CreateAndSetChildDomain (1ms)
	RebuildCommonClasses (57ms)
	RebuildNativeTypeToScriptingClass (19ms)
	initialDomainReloadingComplete (129ms)
	LoadAllAssembliesAndSetupDomain (316ms)
		LoadAssemblies (207ms)
		RebuildTransferFunctionScriptingTraits (0ms)
		AnalyzeDomain (312ms)
			TypeCache.Refresh (308ms)
				TypeCache.ScanAssembly (266ms)
			ScanForSourceGeneratedMonoScriptInfo (1ms)
			ResolveRequiredComponents (2ms)
	FinalizeReload (674ms)
		ReleaseScriptCaches (0ms)
		RebuildScriptCaches (0ms)
		SetupLoadedEditorAssemblies (452ms)
			LogAssemblyErrors (0ms)
			InitializePlatformSupportModulesInManaged (20ms)
			SetLoadedEditorAssemblies (19ms)
			RefreshPlugins (0ms)
			BeforeProcessingInitializeOnLoad (6ms)
			ProcessInitializeOnLoadAttributes (315ms)
			ProcessInitializeOnLoadMethodAttributes (92ms)
			AfterProcessingInitializeOnLoad (0ms)
			EditorAssembliesLoaded (0ms)
		ExecutionOrderSort2 (0ms)
		AwakeInstancesAfterBackupRestoration (0ms)
========================================================================
Worker process is ready to serve import requests
Begin MonoManager ReloadAssembly
- Loaded All Assemblies, in  1.271 seconds
Refreshing native plugins compatible for Editor in 11.07 ms, found 3 plugins.
Native extension for WindowsStandalone target not found
Package Manager log level set to [2]
[Package Manager] Server::EnsureServerProcessIsRunning -- launch failed, reason: Unity was launched with the -noUpm command-line argument
[Package Manager] UpmClient::Send -- Unable to send message (not connected to UPM process).
[Package Manager] Cannot connect to Unity Package Manager local server
Mono: successfully reloaded assembly
- Finished resetting the current domain, in  1.131 seconds
Domain Reload Profiling: 2392ms
	BeginReloadAssembly (273ms)
		ExecutionOrderSort (0ms)
		DisableScriptedObjects (9ms)
		BackupInstance (0ms)
		ReleaseScriptingObjects (0ms)
		CreateAndSetChildDomain (33ms)
	RebuildCommonClasses (66ms)
	RebuildNativeTypeToScriptingClass (18ms)
	initialDomainReloadingComplete (81ms)
	LoadAllAssembliesAndSetupDomain (822ms)
		LoadAssemblies (636ms)
		RebuildTransferFunctionScriptingTraits (0ms)
		AnalyzeDomain (357ms)
			TypeCache.Refresh (318ms)
				TypeCache.ScanAssembly (291ms)
			ScanForSourceGeneratedMonoScriptInfo (26ms)
			ResolveRequiredComponents (10ms)
	FinalizeReload (1132ms)
		ReleaseScriptCaches (0ms)
		RebuildScriptCaches (0ms)
		SetupLoadedEditorAssemblies (822ms)
			LogAssemblyErrors (0ms)
			InitializePlatformSupportModulesInManaged (14ms)
			SetLoadedEditorAssemblies (6ms)
			RefreshPlugins (0ms)
			BeforeProcessingInitializeOnLoad (122ms)
			ProcessInitializeOnLoadAttributes (600ms)
			ProcessInitializeOnLoadMethodAttributes (50ms)
			AfterProcessingInitializeOnLoad (30ms)
			EditorAssembliesLoaded (1ms)
		ExecutionOrderSort2 (0ms)
		AwakeInstancesAfterBackupRestoration (22ms)
Launched and connected shader compiler UnityShaderCompiler.exe after 0.13 seconds
Refreshing native plugins compatible for Editor in 15.60 ms, found 3 plugins.
Preloading 0 native plugins for Editor in 0.00 ms.
Unloading 3095 Unused Serialized files (Serialized files now loaded: 0)
Unloading 32 unused Assets / (57.4 KB). Loaded Objects now: 3556.
Memory consumption went from 121.1 MB to 121.1 MB.
Total: 5.807600 ms (FindLiveObjects: 0.472600 ms CreateObjectMapping: 0.385300 ms MarkObjects: 4.784000 ms  DeleteObjects: 0.163500 ms)

AssetImportParameters requested are different than current active one (requested -> active):
  custom:container-demuxer-ogg: 62fdf1f143b41e24485cea50d1cbac27 -> 
  custom:video-codec-MediaFoundation-h265: 746d11721c4dcdbdad8f713fa42b33f4 -> 
  custom:video-decoder-ogg-theora: a1e56fd34408186e4bbccfd4996cb3dc -> 
  custom:framework-win-MediaFoundation: 216162199b28c13a410421893ffa2e32 -> 
  custom:CustomObjectIndexerAttribute: 9a22284fe3817be447336de3de66b15e -> 
  custom:container-demuxer-webm: 4f35f7cbe854078d1ac9338744f61a02 -> 
  custom:container-muxer-webm: aa71ff27fc2769a1b78a27578f13a17b -> 
  custom:video-decoder-webm-vp8: 9c59270c3fd7afecdb556c50c9e8de78 -> 
  custom:SearchIndexIgnoredProperties: e643bd26f0fe6173181afceb89e7c659 -> 
  custom:AudioImporter_EditorPlatform: d09bf68614088b80899f8185d706f6e7 -> 
  custom:video-encoder-webm-vp8: eb34c28f22e8b96e1ab97ce403110664 -> 
  custom:audio-decoder-ogg-vorbis: bf7c407c2cedff20999df2af8eb42d56 -> 
  custom:audio-encoder-webm-vorbis: bf7c407c2cedff20999df2af8eb42d56 -> 
========================================================================
Received Import Request.
  Time since last request: 497635.611466 seconds.
  path: Assets/Scripts/PlayerController.cs
  artifactKey: Guid(4d37fd764103e084e83aa31a85535188) Importer(2089858483,0ecaa5967403d082aa24f35e1b516d23)
Start importing Assets/Scripts/PlayerController.cs using Guid(4d37fd764103e084e83aa31a85535188) Importer(2089858483,0ecaa5967403d082aa24f35e1b516d23)  -> (artifact id: '49f05ce7b324987acc5a9bcd64bda9ea') in 0.182899 seconds
Number of updated asset objects reloaded before import = 0
Number of asset objects unloaded after import = 1
========================================================================
Received Import Request.
  Time since last request: 198.909273 seconds.
  path: Assets/Sprites
  artifactKey: Guid(0e42ce424c78bff40864ba90a969000d) Importer(815301076,1909f56bfc062723c751e8b465ee728b)
Start importing Assets/Sprites using Guid(0e42ce424c78bff40864ba90a969000d) Importer(815301076,1909f56bfc062723c751e8b465ee728b)  -> (artifact id: 'b1fca481db08eadf7c6e6cc4ad4d5232') in 0.002455 seconds
Number of updated asset objects reloaded before import = 0
Number of asset objects unloaded after import = 0
========================================================================
Received Import Request.
  Time since last request: 0.831423 seconds.
  path: Assets/Sprites
  artifactKey: Guid(0e42ce424c78bff40864ba90a969000d) Importer(2089858483,0ecaa5967403d082aa24f35e1b516d23)
Start importing Assets/Sprites using Guid(0e42ce424c78bff40864ba90a969000d) Importer(2089858483,0ecaa5967403d082aa24f35e1b516d23)  -> (artifact id: 'f5e56286d00beea2f9a7e91da268f4fd') in 0.049201 seconds
Number of updated asset objects reloaded before import = 0
Number of asset objects unloaded after import = 1
========================================================================
Received Import Request.
  Time since last request: 116.734818 seconds.
  path: Assets/Sprites/MN_NINJA2_Idle_011.png
  artifactKey: Guid(a2a3ee34b5ec0c74ca312833f8337aa1) Importer(815301076,1909f56bfc062723c751e8b465ee728b)
Start importing Assets/Sprites/MN_NINJA2_Idle_011.png using Guid(a2a3ee34b5ec0c74ca312833f8337aa1) Importer(815301076,1909f56bfc062723c751e8b465ee728b)  -> (artifact id: '2fe99c3d65adf635b33aef3e1bdb982f') in 0.232538 seconds
Number of updated asset objects reloaded before import = 0
Number of asset objects unloaded after import = 3
========================================================================
Received Import Request.
  Time since last request: 0.222272 seconds.
  path: Assets/Sprites/MN_NINJA2_Idle_006.png
  artifactKey: Guid(d4cf3050bc5c80840a283da98d2751c9) Importer(2089858483,0ecaa5967403d082aa24f35e1b516d23)
Start importing Assets/Sprites/MN_NINJA2_Idle_006.png using Guid(d4cf3050bc5c80840a283da98d2751c9) Importer(2089858483,0ecaa5967403d082aa24f35e1b516d23)  -> (artifact id: 'b241dea1abb11a8bbe29e4410d055690') in 0.255679 seconds
Number of updated asset objects reloaded before import = 0
Number of asset objects unloaded after import = 3
========================================================================
Received Import Request.
  Time since last request: 0.000032 seconds.
  path: Assets/Sprites/MN_NINJA2_Idle_010.png
  artifactKey: Guid(4746772c2fecbde41bac2a2f60ee3308) Importer(2089858483,0ecaa5967403d082aa24f35e1b516d23)
Start importing Assets/Sprites/MN_NINJA2_Idle_010.png using Guid(4746772c2fecbde41bac2a2f60ee3308) Importer(2089858483,0ecaa5967403d082aa24f35e1b516d23)  -> (artifact id: '9f0d4e07073e931ebb6111f47814789f') in 0.044032 seconds
Number of updated asset objects reloaded before import = 0
Number of asset objects unloaded after import = 3
========================================================================
Received Import Request.
  Time since last request: 0.000127 seconds.
  path: Assets/Sprites/MN_NINJA2_Idle_004.png
  artifactKey: Guid(f056470f5d760a440953f9f460530522) Importer(2089858483,0ecaa5967403d082aa24f35e1b516d23)
Start importing Assets/Sprites/MN_NINJA2_Idle_004.png using Guid(f056470f5d760a440953f9f460530522) Importer(2089858483,0ecaa5967403d082aa24f35e1b516d23)  -> (artifact id: 'a92432c1554e822968cd64bec4040b6e') in 0.050564 seconds
Number of updated asset objects reloaded before import = 0
Number of asset objects unloaded after import = 3
========================================================================
Received Import Request.
  Time since last request: 0.000031 seconds.
  path: Assets/Sprites/MN_NINJA2_Idle_007.png
  artifactKey: Guid(1787104f5271a1b4690ea0160ef17c87) Importer(2089858483,0ecaa5967403d082aa24f35e1b516d23)
Start importing Assets/Sprites/MN_NINJA2_Idle_007.png using Guid(1787104f5271a1b4690ea0160ef17c87) Importer(2089858483,0ecaa5967403d082aa24f35e1b516d23)  -> (artifact id: '89c9af372cd2578201b2d76d29268b3c') in 0.058916 seconds
Number of updated asset objects reloaded before import = 0
Number of asset objects unloaded after import = 3
========================================================================
Received Import Request.
  Time since last request: 0.000050 seconds.
  path: Assets/Sprites/MN_NINJA2_Idle_005.png
  artifactKey: Guid(e31a234f842317d4792147465cb2c59d) Importer(2089858483,0ecaa5967403d082aa24f35e1b516d23)
Start importing Assets/Sprites/MN_NINJA2_Idle_005.png using Guid(e31a234f842317d4792147465cb2c59d) Importer(2089858483,0ecaa5967403d082aa24f35e1b516d23)  -> (artifact id: 'bc858007939ff8970d344e01e78f8a73') in 0.061748 seconds
Number of updated asset objects reloaded before import = 0
Number of asset objects unloaded after import = 3
========================================================================
Received Import Request.
  Time since last request: 0.000092 seconds.
  path: Assets/Sprites/MN_NINJA2_Idle_003.png
  artifactKey: Guid(a63d920a1a507a14995358d565fc9411) Importer(2089858483,0ecaa5967403d082aa24f35e1b516d23)
Start importing Assets/Sprites/MN_NINJA2_Idle_003.png using Guid(a63d920a1a507a14995358d565fc9411) Importer(2089858483,0ecaa5967403d082aa24f35e1b516d23)  -> (artifact id: '9e03e42dec6a2d5085e5c3ffcb5b57d3') in 0.044546 seconds
Number of updated asset objects reloaded before import = 0
Number of asset objects unloaded after import = 3
========================================================================
Received Import Request.
  Time since last request: 31.946637 seconds.
  path: Assets/Sprites/Player/Idle/MN_NINJA2_Idle_011.png
  artifactKey: Guid(a2a3ee34b5ec0c74ca312833f8337aa1) Importer(2089858483,0ecaa5967403d082aa24f35e1b516d23)
Start importing Assets/Sprites/Player/Idle/MN_NINJA2_Idle_011.png using Guid(a2a3ee34b5ec0c74ca312833f8337aa1) Importer(2089858483,0ecaa5967403d082aa24f35e1b516d23)  -> (artifact id: '5f9efa70e59ccd894844e3fc822c33ae') in 0.125604 seconds
Number of updated asset objects reloaded before import = 0
Number of asset objects unloaded after import = 3
========================================================================
Received Import Request.
  Time since last request: 0.000133 seconds.
  path: Assets/Sprites/Player/Idle/MN_NINJA2_Idle_004.png
  artifactKey: Guid(f056470f5d760a440953f9f460530522) Importer(2089858483,0ecaa5967403d082aa24f35e1b516d23)
Start importing Assets/Sprites/Player/Idle/MN_NINJA2_Idle_004.png using Guid(f056470f5d760a440953f9f460530522) Importer(2089858483,0ecaa5967403d082aa24f35e1b516d23)  -> (artifact id: '6fbeb3ce436624b92c07243dc5df9401') in 0.138923 seconds
Number of updated asset objects reloaded before import = 0
Number of asset objects unloaded after import = 3
========================================================================
Received Import Request.
  Time since last request: 0.000240 seconds.
  path: Assets/Sprites/Player/Idle/MN_NINJA2_Idle_009.png
  artifactKey: Guid(b9fcbc9587b99d84bb41ac37fbd2371f) Importer(2089858483,0ecaa5967403d082aa24f35e1b516d23)
Start importing Assets/Sprites/Player/Idle/MN_NINJA2_Idle_009.png using Guid(b9fcbc9587b99d84bb41ac37fbd2371f) Importer(2089858483,0ecaa5967403d082aa24f35e1b516d23)  -> (artifact id: 'b22f9642bdff6964a252b595ed36bda1') in 0.124698 seconds
Number of updated asset objects reloaded before import = 0
Number of asset objects unloaded after import = 3
========================================================================
Received Import Request.
  Time since last request: 0.000111 seconds.
  path: Assets/Sprites/Player/Idle/MN_NINJA2_Idle_001.png
  artifactKey: Guid(e9437d097cbaa5b448a16da187c2323b) Importer(2089858483,0ecaa5967403d082aa24f35e1b516d23)
Start importing Assets/Sprites/Player/Idle/MN_NINJA2_Idle_001.png using Guid(e9437d097cbaa5b448a16da187c2323b) Importer(2089858483,0ecaa5967403d082aa24f35e1b516d23)  -> (artifact id: '366d33276eed8ae6478c69246a2e4037') in 0.102121 seconds
Number of updated asset objects reloaded before import = 0
Number of asset objects unloaded after import = 3
========================================================================
Received Import Request.
  Time since last request: 0.000124 seconds.
  path: Assets/Sprites/Player/Idle/MN_NINJA2_Idle_003.png
  artifactKey: Guid(a63d920a1a507a14995358d565fc9411) Importer(2089858483,0ecaa5967403d082aa24f35e1b516d23)
Start importing Assets/Sprites/Player/Idle/MN_NINJA2_Idle_003.png using Guid(a63d920a1a507a14995358d565fc9411) Importer(2089858483,0ecaa5967403d082aa24f35e1b516d23)  -> (artifact id: 'e34b82977bea75d63c3c1b440660f165') in 0.038326 seconds
Number of updated asset objects reloaded before import = 0
Number of asset objects unloaded after import = 3
========================================================================
Received Import Request.
  Time since last request: 58.932767 seconds.
  path: Assets/Sprites/Player/Run/MN_NINJA2_Run_001.png
  artifactKey: Guid(2be05b4a64b030f4494230eb9526350c) Importer(2089858483,0ecaa5967403d082aa24f35e1b516d23)
Start importing Assets/Sprites/Player/Run/MN_NINJA2_Run_001.png using Guid(2be05b4a64b030f4494230eb9526350c) Importer(2089858483,0ecaa5967403d082aa24f35e1b516d23)  -> (artifact id: '576264843eaece961e94e1687b3a1bc0') in 0.126962 seconds
Number of updated asset objects reloaded before import = 0
Number of asset objects unloaded after import = 3
========================================================================
Received Import Request.
  Time since last request: 0.000055 seconds.
  path: Assets/Sprites/Player/Run/MN_NINJA2_Run_003.png
  artifactKey: Guid(707274bd22d5c1a4ab5dc5b4e5dc748d) Importer(2089858483,0ecaa5967403d082aa24f35e1b516d23)
Start importing Assets/Sprites/Player/Run/MN_NINJA2_Run_003.png using Guid(707274bd22d5c1a4ab5dc5b4e5dc748d) Importer(2089858483,0ecaa5967403d082aa24f35e1b516d23)  -> (artifact id: '98e4ceb342e82bbb149c8a7728c73be2') in 0.128074 seconds
Number of updated asset objects reloaded before import = 0
Number of asset objects unloaded after import = 3
========================================================================
Received Import Request.
  Time since last request: 0.000082 seconds.
  path: Assets/Sprites/Player/Run/MN_NINJA2_Run_009.png
  artifactKey: Guid(d34d081e0d64ef240a20f8f007c1321a) Importer(2089858483,0ecaa5967403d082aa24f35e1b516d23)
Start importing Assets/Sprites/Player/Run/MN_NINJA2_Run_009.png using Guid(d34d081e0d64ef240a20f8f007c1321a) Importer(2089858483,0ecaa5967403d082aa24f35e1b516d23)  -> (artifact id: '429a426dbc312f2119708df34904214f') in 0.099810 seconds
Number of updated asset objects reloaded before import = 0
Number of asset objects unloaded after import = 3
Editor requested this worker to shutdown with reason: Scaling down because of idle timeout
TcpMessagingSession - receive error: operation aborted. errorcode: 995, details: The I/O operation has been aborted because of either a thread exit or an application request.
AssetImportWorker is now disconnected from the server
Process exiting
Exiting without the bug reporter. Application will terminate with return code 0