Using pre-set license
Built from '2022.3/staging' branch; Version is '2022.3.23f1 (dbb3f7c5b5c6) revision 14398455'; Using compiler version '192829333'; Build Type 'Release'
OS: 'Windows 11  (10.0.22631) 64bit Core' Language: 'en' Physical Memory: 32495 MB
BatchMode: 1, IsHumanControllingUs: 0, StartBugReporterOnCrash: 0, Is64bit: 1, IsPro: 1

COMMAND LINE ARGUMENTS:
C:\dev\unity\2022.3.23f1\Editor\Unity.exe
-adb2
-batchMode
-noUpm
-name
AssetImportWorker2
-projectPath
C:/dev/unity/Nemours/Nemours-Hospital-Hero/Hospital Hero
-logFile
Logs/AssetImportWorker2.log
-srvPort
63035
Successfully changed project path to: C:/dev/unity/Nemours/Nemours-Hospital-Hero/Hospital Hero
C:/dev/unity/Nemours/Nemours-Hospital-Hero/Hospital Hero
[UnityMemory] Configuration Parameters - Can be set up in boot.config
    "memorysetup-bucket-allocator-granularity=16"
    "memorysetup-bucket-allocator-bucket-count=8"
    "memorysetup-bucket-allocator-block-size=33554432"
    "memorysetup-bucket-allocator-block-count=8"
    "memorysetup-main-allocator-block-size=16777216"
    "memorysetup-thread-allocator-block-size=16777216"
    "memorysetup-gfx-main-allocator-block-size=16777216"
    "memorysetup-gfx-thread-allocator-block-size=16777216"
    "memorysetup-cache-allocator-block-size=4194304"
    "memorysetup-typetree-allocator-block-size=2097152"
    "memorysetup-profiler-bucket-allocator-granularity=16"
    "memorysetup-profiler-bucket-allocator-bucket-count=8"
    "memorysetup-profiler-bucket-allocator-block-size=33554432"
    "memorysetup-profiler-bucket-allocator-block-count=8"
    "memorysetup-profiler-allocator-block-size=16777216"
    "memorysetup-profiler-editor-allocator-block-size=1048576"
    "memorysetup-temp-allocator-size-main=16777216"
    "memorysetup-job-temp-allocator-block-size=2097152"
    "memorysetup-job-temp-allocator-block-size-background=1048576"
    "memorysetup-job-temp-allocator-reduction-small-platforms=262144"
    "memorysetup-allocator-temp-initial-block-size-main=262144"
    "memorysetup-allocator-temp-initial-block-size-worker=262144"
    "memorysetup-temp-allocator-size-background-worker=32768"
    "memorysetup-temp-allocator-size-job-worker=262144"
    "memorysetup-temp-allocator-size-preload-manager=33554432"
    "memorysetup-temp-allocator-size-nav-mesh-worker=65536"
    "memorysetup-temp-allocator-size-audio-worker=65536"
    "memorysetup-temp-allocator-size-cloud-worker=32768"
    "memorysetup-temp-allocator-size-gi-baking-worker=262144"
    "memorysetup-temp-allocator-size-gfx=262144"
Player connection [43588] Host "[IP] 10.0.0.41 [Port] 0 [Flags] 2 [Guid] 395198291 [EditorId] 395198291 [Version] 1048832 [Id] WindowsEditor(7,BLUEHEN2-LAPTOP) [Debug] 1 [PackageName] WindowsEditor [ProjectName] Editor" joined multi-casting on [225.0.0.222:54997]...

Player connection [43588] Host "[IP] 10.0.0.41 [Port] 0 [Flags] 2 [Guid] 395198291 [EditorId] 395198291 [Version] 1048832 [Id] WindowsEditor(7,BLUEHEN2-LAPTOP) [Debug] 1 [PackageName] WindowsEditor [ProjectName] Editor" joined alternative multi-casting on [225.0.0.222:34997]...

[Physics::Module] Initialized MultithreadedJobDispatcher with 11 workers.
Refreshing native plugins compatible for Editor in 81.00 ms, found 3 plugins.
Preloading 0 native plugins for Editor in 0.00 ms.
Initialize engine version: 2022.3.23f1 (dbb3f7c5b5c6)
[Subsystems] Discovering subsystems at path C:/dev/unity/2022.3.23f1/Editor/Data/Resources/UnitySubsystems
[Subsystems] Discovering subsystems at path C:/dev/unity/Nemours/Nemours-Hospital-Hero/Hospital Hero/Assets
GfxDevice: creating device client; threaded=0; jobified=0
Direct3D:
    Version:  Direct3D 11.0 [level 11.1]
    Renderer: NVIDIA GeForce GTX 1650 (ID=0x1f91)
    Vendor:   NVIDIA
    VRAM:     3938 MB
    Driver:   32.0.15.5599
Initialize mono
Mono path[0] = 'C:/dev/unity/2022.3.23f1/Editor/Data/Managed'
Mono path[1] = 'C:/dev/unity/2022.3.23f1/Editor/Data/MonoBleedingEdge/lib/mono/unityjit-win32'
Mono config path = 'C:/dev/unity/2022.3.23f1/Editor/Data/MonoBleedingEdge/etc'
Using monoOptions --debugger-agent=transport=dt_socket,embedding=1,server=y,suspend=n,address=127.0.0.1:56376
Begin MonoManager ReloadAssembly
Registering precompiled unity dll's ...
Register platform support module: C:/dev/unity/2022.3.23f1/Editor/Data/PlaybackEngines/WindowsStandaloneSupport/UnityEditor.WindowsStandalone.Extensions.dll
Registered in 0.060631 seconds.
- Loaded All Assemblies, in  1.443 seconds
Native extension for WindowsStandalone target not found
Mono: successfully reloaded assembly
- Finished resetting the current domain, in  0.771 seconds
Domain Reload Profiling: 2195ms
	BeginReloadAssembly (257ms)
		ExecutionOrderSort (0ms)
		DisableScriptedObjects (0ms)
		BackupInstance (0ms)
		ReleaseScriptingObjects (0ms)
		CreateAndSetChildDomain (2ms)
	RebuildCommonClasses (187ms)
	RebuildNativeTypeToScriptingClass (53ms)
	initialDomainReloadingComplete (335ms)
	LoadAllAssembliesAndSetupDomain (590ms)
		LoadAssemblies (246ms)
		RebuildTransferFunctionScriptingTraits (0ms)
		AnalyzeDomain (581ms)
			TypeCache.Refresh (579ms)
				TypeCache.ScanAssembly (552ms)
			ScanForSourceGeneratedMonoScriptInfo (1ms)
			ResolveRequiredComponents (1ms)
	FinalizeReload (772ms)
		ReleaseScriptCaches (0ms)
		RebuildScriptCaches (0ms)
		SetupLoadedEditorAssemblies (669ms)
			LogAssemblyErrors (0ms)
			InitializePlatformSupportModulesInManaged (17ms)
			SetLoadedEditorAssemblies (13ms)
			RefreshPlugins (0ms)
			BeforeProcessingInitializeOnLoad (4ms)
			ProcessInitializeOnLoadAttributes (495ms)
			ProcessInitializeOnLoadMethodAttributes (139ms)
			AfterProcessingInitializeOnLoad (0ms)
			EditorAssembliesLoaded (0ms)
		ExecutionOrderSort2 (0ms)
		AwakeInstancesAfterBackupRestoration (0ms)
========================================================================
Worker process is ready to serve import requests
Begin MonoManager ReloadAssembly
- Loaded All Assemblies, in  2.691 seconds
Refreshing native plugins compatible for Editor in 27.57 ms, found 3 plugins.
Native extension for WindowsStandalone target not found
Package Manager log level set to [2]
[Package Manager] Server::EnsureServerProcessIsRunning -- launch failed, reason: Unity was launched with the -noUpm command-line argument
[Package Manager] UpmClient::Send -- Unable to send message (not connected to UPM process).
[Package Manager] Cannot connect to Unity Package Manager local server
Mono: successfully reloaded assembly
- Finished resetting the current domain, in  2.053 seconds
Domain Reload Profiling: 4728ms
	BeginReloadAssembly (629ms)
		ExecutionOrderSort (0ms)
		DisableScriptedObjects (17ms)
		BackupInstance (0ms)
		ReleaseScriptingObjects (0ms)
		CreateAndSetChildDomain (56ms)
	RebuildCommonClasses (108ms)
	RebuildNativeTypeToScriptingClass (33ms)
	initialDomainReloadingComplete (154ms)
	LoadAllAssembliesAndSetupDomain (1750ms)
		LoadAssemblies (1260ms)
		RebuildTransferFunctionScriptingTraits (0ms)
		AnalyzeDomain (927ms)
			TypeCache.Refresh (831ms)
				TypeCache.ScanAssembly (770ms)
			ScanForSourceGeneratedMonoScriptInfo (69ms)
			ResolveRequiredComponents (23ms)
	FinalizeReload (2054ms)
		ReleaseScriptCaches (0ms)
		RebuildScriptCaches (0ms)
		SetupLoadedEditorAssemblies (1544ms)
			LogAssemblyErrors (0ms)
			InitializePlatformSupportModulesInManaged (24ms)
			SetLoadedEditorAssemblies (17ms)
			RefreshPlugins (0ms)
			BeforeProcessingInitializeOnLoad (201ms)
			ProcessInitializeOnLoadAttributes (1199ms)
			ProcessInitializeOnLoadMethodAttributes (76ms)
			AfterProcessingInitializeOnLoad (27ms)
			EditorAssembliesLoaded (0ms)
		ExecutionOrderSort2 (0ms)
		AwakeInstancesAfterBackupRestoration (13ms)
Launched and connected shader compiler UnityShaderCompiler.exe after 0.13 seconds
Refreshing native plugins compatible for Editor in 13.80 ms, found 3 plugins.
Preloading 0 native plugins for Editor in 0.00 ms.
Unloading 3095 Unused Serialized files (Serialized files now loaded: 0)
Unloading 32 unused Assets / (57.0 KB). Loaded Objects now: 3556.
Memory consumption went from 121.1 MB to 121.0 MB.
Total: 6.449000 ms (FindLiveObjects: 0.462400 ms CreateObjectMapping: 0.380100 ms MarkObjects: 5.411400 ms  DeleteObjects: 0.193000 ms)

AssetImportParameters requested are different than current active one (requested -> active):
  custom:container-demuxer-ogg: 62fdf1f143b41e24485cea50d1cbac27 -> 
  custom:video-codec-MediaFoundation-h265: 746d11721c4dcdbdad8f713fa42b33f4 -> 
  custom:video-decoder-ogg-theora: a1e56fd34408186e4bbccfd4996cb3dc -> 
  custom:framework-win-MediaFoundation: 216162199b28c13a410421893ffa2e32 -> 
  custom:CustomObjectIndexerAttribute: 9a22284fe3817be447336de3de66b15e -> 
  custom:container-demuxer-webm: 4f35f7cbe854078d1ac9338744f61a02 -> 
  custom:container-muxer-webm: aa71ff27fc2769a1b78a27578f13a17b -> 
  custom:video-decoder-webm-vp8: 9c59270c3fd7afecdb556c50c9e8de78 -> 
  custom:SearchIndexIgnoredProperties: e643bd26f0fe6173181afceb89e7c659 -> 
  custom:AudioImporter_EditorPlatform: d09bf68614088b80899f8185d706f6e7 -> 
  custom:video-encoder-webm-vp8: eb34c28f22e8b96e1ab97ce403110664 -> 
  custom:audio-decoder-ogg-vorbis: bf7c407c2cedff20999df2af8eb42d56 -> 
  custom:audio-encoder-webm-vorbis: bf7c407c2cedff20999df2af8eb42d56 -> 
========================================================================
Received Import Request.
  Time since last request: 497965.759864 seconds.
  path: Assets/Sprites/Player
  artifactKey: Guid(e61b97bdfff660247b8b4c6adabc299f) Importer(815301076,1909f56bfc062723c751e8b465ee728b)
Start importing Assets/Sprites/Player using Guid(e61b97bdfff660247b8b4c6adabc299f) Importer(815301076,1909f56bfc062723c751e8b465ee728b)  -> (artifact id: '37f37fd43c5993c016e506546bf5c508') in 0.005058 seconds
Number of updated asset objects reloaded before import = 0
Number of asset objects unloaded after import = 0
========================================================================
Received Import Request.
  Time since last request: 0.894784 seconds.
  path: Assets/Sprites/Player
  artifactKey: Guid(e61b97bdfff660247b8b4c6adabc299f) Importer(2089858483,0ecaa5967403d082aa24f35e1b516d23)
Start importing Assets/Sprites/Player using Guid(e61b97bdfff660247b8b4c6adabc299f) Importer(2089858483,0ecaa5967403d082aa24f35e1b516d23)  -> (artifact id: '9fb9ae6bb52f00ed0a5c71ce466ec8fc') in 0.249459 seconds
Number of updated asset objects reloaded before import = 0
Number of asset objects unloaded after import = 1
========================================================================
Received Import Request.
  Time since last request: 10.601817 seconds.
  path: Assets/Sprites/Player/Idle
  artifactKey: Guid(7ad4ad974bad6b14cafd8c821da7c050) Importer(815301076,1909f56bfc062723c751e8b465ee728b)
Start importing Assets/Sprites/Player/Idle using Guid(7ad4ad974bad6b14cafd8c821da7c050) Importer(815301076,1909f56bfc062723c751e8b465ee728b)  -> (artifact id: 'babeabf7493f7f9cf028f9153cabb19a') in 0.001492 seconds
Number of updated asset objects reloaded before import = 0
Number of asset objects unloaded after import = 0
========================================================================
Received Import Request.
  Time since last request: 0.898978 seconds.
  path: Assets/Sprites/Player/Idle
  artifactKey: Guid(7ad4ad974bad6b14cafd8c821da7c050) Importer(2089858483,0ecaa5967403d082aa24f35e1b516d23)
Start importing Assets/Sprites/Player/Idle using Guid(7ad4ad974bad6b14cafd8c821da7c050) Importer(2089858483,0ecaa5967403d082aa24f35e1b516d23)  -> (artifact id: '3fdfdfdd9ca35cba8b8ea2cebd3ca4bf') in 0.016011 seconds
Number of updated asset objects reloaded before import = 0
Number of asset objects unloaded after import = 1
========================================================================
Received Import Request.
  Time since last request: 3.711760 seconds.
  path: Assets/Sprites/MN_NINJA2_Idle_006.png
  artifactKey: Guid(d4cf3050bc5c80840a283da98d2751c9) Importer(815301076,1909f56bfc062723c751e8b465ee728b)
Start importing Assets/Sprites/MN_NINJA2_Idle_006.png using Guid(d4cf3050bc5c80840a283da98d2751c9) Importer(815301076,1909f56bfc062723c751e8b465ee728b)  -> (artifact id: 'bc97294df8183214dd1c4d4d17c64711') in 0.261139 seconds
Number of updated asset objects reloaded before import = 0
Number of asset objects unloaded after import = 3
========================================================================
Received Import Request.
  Time since last request: 2.845069 seconds.
  path: Assets/Sprites/Player/Idle/MN_NINJA2_Idle_006.png
  artifactKey: Guid(d4cf3050bc5c80840a283da98d2751c9) Importer(2089858483,0ecaa5967403d082aa24f35e1b516d23)
Start importing Assets/Sprites/Player/Idle/MN_NINJA2_Idle_006.png using Guid(d4cf3050bc5c80840a283da98d2751c9) Importer(2089858483,0ecaa5967403d082aa24f35e1b516d23)  -> (artifact id: 'f46696350d247705847d48eb351366e2') in 0.511664 seconds
Number of updated asset objects reloaded before import = 0
Number of asset objects unloaded after import = 3
========================================================================
Received Import Request.
  Time since last request: 0.000035 seconds.
  path: Assets/Sprites/Player/Idle/MN_NINJA2_Idle_010.png
  artifactKey: Guid(4746772c2fecbde41bac2a2f60ee3308) Importer(2089858483,0ecaa5967403d082aa24f35e1b516d23)
Start importing Assets/Sprites/Player/Idle/MN_NINJA2_Idle_010.png using Guid(4746772c2fecbde41bac2a2f60ee3308) Importer(2089858483,0ecaa5967403d082aa24f35e1b516d23)  -> (artifact id: 'c50f55c2be5e6a59df8f378016025577') in 0.049168 seconds
Number of updated asset objects reloaded before import = 0
Number of asset objects unloaded after import = 3
========================================================================
Received Import Request.
  Time since last request: 6.433968 seconds.
  path: Assets/Sprites/Player/New Folder
  artifactKey: Guid(4c810360cb8f2c54b93ffd8e9ea4f3a6) Importer(2089858483,0ecaa5967403d082aa24f35e1b516d23)
Start importing Assets/Sprites/Player/New Folder using Guid(4c810360cb8f2c54b93ffd8e9ea4f3a6) Importer(2089858483,0ecaa5967403d082aa24f35e1b516d23)  -> (artifact id: '4ea0410ead977660ef98a0da7ac3e5a2') in 0.019959 seconds
Number of updated asset objects reloaded before import = 0
Number of asset objects unloaded after import = 1
========================================================================
Received Import Request.
  Time since last request: 21.395919 seconds.
  path: Assets/Sprites/Player/New Folder
  artifactKey: Guid(4c810360cb8f2c54b93ffd8e9ea4f3a6) Importer(815301076,1909f56bfc062723c751e8b465ee728b)
Start importing Assets/Sprites/Player/New Folder using Guid(4c810360cb8f2c54b93ffd8e9ea4f3a6) Importer(815301076,1909f56bfc062723c751e8b465ee728b)  -> (artifact id: '72044b3249b884922ff6c41d12cc20d8') in 0.001564 seconds
Number of updated asset objects reloaded before import = 0
Number of asset objects unloaded after import = 0
========================================================================
Received Import Request.
  Time since last request: 6.545848 seconds.
  path: Assets/Sprites/Player/Run
  artifactKey: Guid(4c810360cb8f2c54b93ffd8e9ea4f3a6) Importer(815301076,1909f56bfc062723c751e8b465ee728b)
Start importing Assets/Sprites/Player/Run using Guid(4c810360cb8f2c54b93ffd8e9ea4f3a6) Importer(815301076,1909f56bfc062723c751e8b465ee728b)  -> (artifact id: '40a66b58c73a86d5be1bb9f6a7ef0cc6') in 0.002239 seconds
Number of updated asset objects reloaded before import = 0
Number of asset objects unloaded after import = 0
========================================================================
Received Import Request.
  Time since last request: 0.819386 seconds.
  path: Assets/Sprites/Player/Run
  artifactKey: Guid(4c810360cb8f2c54b93ffd8e9ea4f3a6) Importer(2089858483,0ecaa5967403d082aa24f35e1b516d23)
Start importing Assets/Sprites/Player/Run using Guid(4c810360cb8f2c54b93ffd8e9ea4f3a6) Importer(2089858483,0ecaa5967403d082aa24f35e1b516d23)  -> (artifact id: 'c0fbbf62f4046a675e1673c8a4d986e0') in 0.047784 seconds
Number of updated asset objects reloaded before import = 0
Number of asset objects unloaded after import = 1
========================================================================
Received Import Request.
  Time since last request: 22.889941 seconds.
  path: Assets/Sprites/Player/Run/MN_NINJA2_Run_009.png
  artifactKey: Guid(d34d081e0d64ef240a20f8f007c1321a) Importer(815301076,1909f56bfc062723c751e8b465ee728b)
Start importing Assets/Sprites/Player/Run/MN_NINJA2_Run_009.png using Guid(d34d081e0d64ef240a20f8f007c1321a) Importer(815301076,1909f56bfc062723c751e8b465ee728b)  -> (artifact id: 'bc9fb42d20fbedc2148e809137a23f62') in 0.049466 seconds
Number of updated asset objects reloaded before import = 0
Number of asset objects unloaded after import = 3
========================================================================
Received Import Request.
  Time since last request: 0.698279 seconds.
  path: Assets/Sprites/Player/Run/MN_NINJA2_Run_000.png
  artifactKey: Guid(ef2811e98a8a13c4d9c79c687a15d965) Importer(2089858483,0ecaa5967403d082aa24f35e1b516d23)
Start importing Assets/Sprites/Player/Run/MN_NINJA2_Run_000.png using Guid(ef2811e98a8a13c4d9c79c687a15d965) Importer(2089858483,0ecaa5967403d082aa24f35e1b516d23)  -> (artifact id: '521ba15131af6f01d7019ba7c4ebc208') in 0.132533 seconds
Number of updated asset objects reloaded before import = 0
Number of asset objects unloaded after import = 3
========================================================================
Received Import Request.
  Time since last request: 0.000084 seconds.
  path: Assets/Sprites/Player/Run/MN_NINJA2_Run_004.png
  artifactKey: Guid(e623b204fb4b8234d86ffb50aaea525a) Importer(2089858483,0ecaa5967403d082aa24f35e1b516d23)
Start importing Assets/Sprites/Player/Run/MN_NINJA2_Run_004.png using Guid(e623b204fb4b8234d86ffb50aaea525a) Importer(2089858483,0ecaa5967403d082aa24f35e1b516d23)  -> (artifact id: 'af93fb9e6f289121fd6a765e7d62489c') in 0.144247 seconds
Number of updated asset objects reloaded before import = 0
Number of asset objects unloaded after import = 3
========================================================================
Received Import Request.
  Time since last request: 0.000469 seconds.
  path: Assets/Sprites/Player/Run/MN_NINJA2_Run_005.png
  artifactKey: Guid(c8ec524e8181d3349b542247a7e89635) Importer(2089858483,0ecaa5967403d082aa24f35e1b516d23)
Start importing Assets/Sprites/Player/Run/MN_NINJA2_Run_005.png using Guid(c8ec524e8181d3349b542247a7e89635) Importer(2089858483,0ecaa5967403d082aa24f35e1b516d23)  -> (artifact id: 'c04e9d3fec30acf6dc8c1923e76b7ecc') in 0.090480 seconds
Number of updated asset objects reloaded before import = 0
Number of asset objects unloaded after import = 3
========================================================================
Received Import Request.
  Time since last request: 35.244615 seconds.
  path: Assets/Sprites/Player/Attack
  artifactKey: Guid(a966d3eccfa65e64db24d69170987976) Importer(815301076,1909f56bfc062723c751e8b465ee728b)
Start importing Assets/Sprites/Player/Attack using Guid(a966d3eccfa65e64db24d69170987976) Importer(815301076,1909f56bfc062723c751e8b465ee728b)  -> (artifact id: 'b097e2474d992e041e1f10288a864543') in 0.002859 seconds
Number of updated asset objects reloaded before import = 0
Number of asset objects unloaded after import = 0
========================================================================
Received Import Request.
  Time since last request: 0.887193 seconds.
  path: Assets/Sprites/Player/Attack
  artifactKey: Guid(a966d3eccfa65e64db24d69170987976) Importer(2089858483,0ecaa5967403d082aa24f35e1b516d23)
Start importing Assets/Sprites/Player/Attack using Guid(a966d3eccfa65e64db24d69170987976) Importer(2089858483,0ecaa5967403d082aa24f35e1b516d23)  -> (artifact id: '7ed46427a2b2fe40afe9ff722638ca4a') in 0.050771 seconds
Number of updated asset objects reloaded before import = 0
Number of asset objects unloaded after import = 1
========================================================================
Received Import Request.
  Time since last request: 4.933141 seconds.
  path: Assets/Sprites/Player/Attack/!
  artifactKey: Guid(bec76cd0783fb5a4397a06be806b1cc2) Importer(815301076,1909f56bfc062723c751e8b465ee728b)
Start importing Assets/Sprites/Player/Attack/! using Guid(bec76cd0783fb5a4397a06be806b1cc2) Importer(815301076,1909f56bfc062723c751e8b465ee728b)  -> (artifact id: '23b05292cb45ea81a41d8b64a213f90d') in 0.002316 seconds
Number of updated asset objects reloaded before import = 0
Number of asset objects unloaded after import = 0
========================================================================
Received Import Request.
  Time since last request: 0.845330 seconds.
  path: Assets/Sprites/Player/Attack/!
  artifactKey: Guid(bec76cd0783fb5a4397a06be806b1cc2) Importer(2089858483,0ecaa5967403d082aa24f35e1b516d23)
Start importing Assets/Sprites/Player/Attack/! using Guid(bec76cd0783fb5a4397a06be806b1cc2) Importer(2089858483,0ecaa5967403d082aa24f35e1b516d23)  -> (artifact id: '5457ade05df39901ba37fc773bf467df') in 0.042813 seconds
Number of updated asset objects reloaded before import = 0
Number of asset objects unloaded after import = 1
========================================================================
Received Import Request.
  Time since last request: 4.286705 seconds.
  path: Assets/Sprites/Player/Attack/1
  artifactKey: Guid(bec76cd0783fb5a4397a06be806b1cc2) Importer(815301076,1909f56bfc062723c751e8b465ee728b)
Start importing Assets/Sprites/Player/Attack/1 using Guid(bec76cd0783fb5a4397a06be806b1cc2) Importer(815301076,1909f56bfc062723c751e8b465ee728b)  -> (artifact id: '9cb56f92afab4f1142e150e2500428a1') in 0.001685 seconds
Number of updated asset objects reloaded before import = 0
Number of asset objects unloaded after import = 0
========================================================================
Received Import Request.
  Time since last request: 0.887348 seconds.
  path: Assets/Sprites/Player/Attack/1
  artifactKey: Guid(bec76cd0783fb5a4397a06be806b1cc2) Importer(2089858483,0ecaa5967403d082aa24f35e1b516d23)
Start importing Assets/Sprites/Player/Attack/1 using Guid(bec76cd0783fb5a4397a06be806b1cc2) Importer(2089858483,0ecaa5967403d082aa24f35e1b516d23)  -> (artifact id: '97a79765daa4faecf440314304baf90f') in 0.043551 seconds
Number of updated asset objects reloaded before import = 0
Number of asset objects unloaded after import = 1
========================================================================
Received Import Request.
  Time since last request: 28.602652 seconds.
  path: Assets/Sprites/Player/Attack/1/MN_NINJA2_Attack1_007.png
  artifactKey: Guid(92bc9c397e2894248a521e7f0d13d71a) Importer(815301076,1909f56bfc062723c751e8b465ee728b)
Start importing Assets/Sprites/Player/Attack/1/MN_NINJA2_Attack1_007.png using Guid(92bc9c397e2894248a521e7f0d13d71a) Importer(815301076,1909f56bfc062723c751e8b465ee728b)  -> (artifact id: 'c69dcaf84777aa14daf4442072266399') in 0.081097 seconds
Number of updated asset objects reloaded before import = 0
Number of asset objects unloaded after import = 3
========================================================================
Received Import Request.
  Time since last request: 0.499299 seconds.
  path: Assets/Sprites/Player/Attack/1/MN_NINJA2_Attack1_001.png
  artifactKey: Guid(7431688a6738227488d4b1833cc09341) Importer(2089858483,0ecaa5967403d082aa24f35e1b516d23)
Start importing Assets/Sprites/Player/Attack/1/MN_NINJA2_Attack1_001.png using Guid(7431688a6738227488d4b1833cc09341) Importer(2089858483,0ecaa5967403d082aa24f35e1b516d23)  -> (artifact id: '36107645bc3d6bd54a28636b64a93cb7') in 0.190186 seconds
Number of updated asset objects reloaded before import = 0
Number of asset objects unloaded after import = 3
========================================================================
Received Import Request.
  Time since last request: 0.000058 seconds.
  path: Assets/Sprites/Player/Attack/1/MN_NINJA2_Attack1_007.png
  artifactKey: Guid(92bc9c397e2894248a521e7f0d13d71a) Importer(2089858483,0ecaa5967403d082aa24f35e1b516d23)
Start importing Assets/Sprites/Player/Attack/1/MN_NINJA2_Attack1_007.png using Guid(92bc9c397e2894248a521e7f0d13d71a) Importer(2089858483,0ecaa5967403d082aa24f35e1b516d23)  -> (artifact id: '2d1dc464d23bd37a82f62e0cc9e2f39b') in 0.092721 seconds
Number of updated asset objects reloaded before import = 0
Number of asset objects unloaded after import = 3
========================================================================
Received Import Request.
  Time since last request: 0.000056 seconds.
  path: Assets/Sprites/Player/Attack/1/MN_NINJA2_Attack1_002.png
  artifactKey: Guid(ccd10898e47c934458f9380a4ca039d9) Importer(2089858483,0ecaa5967403d082aa24f35e1b516d23)
Start importing Assets/Sprites/Player/Attack/1/MN_NINJA2_Attack1_002.png using Guid(ccd10898e47c934458f9380a4ca039d9) Importer(2089858483,0ecaa5967403d082aa24f35e1b516d23)  -> (artifact id: '9818f05de5c49467c6f1133b523e1424') in 0.053132 seconds
Number of updated asset objects reloaded before import = 0
Number of asset objects unloaded after import = 3
========================================================================
Received Import Request.
  Time since last request: 0.000032 seconds.
  path: Assets/Sprites/Player/Attack/1/MN_NINJA2_Attack1_006.png
  artifactKey: Guid(2e04d571e716bf742867565fa1729c95) Importer(2089858483,0ecaa5967403d082aa24f35e1b516d23)
Start importing Assets/Sprites/Player/Attack/1/MN_NINJA2_Attack1_006.png using Guid(2e04d571e716bf742867565fa1729c95) Importer(2089858483,0ecaa5967403d082aa24f35e1b516d23)  -> (artifact id: '725e345af7f2c6424b6f5d616cc27800') in 0.063772 seconds
Number of updated asset objects reloaded before import = 0
Number of asset objects unloaded after import = 3
========================================================================
Received Import Request.
  Time since last request: 8.921490 seconds.
  path: Assets/Sprites/Player/Attack/2
  artifactKey: Guid(391c64383fc50964caee87a5c6f9690f) Importer(2089858483,0ecaa5967403d082aa24f35e1b516d23)
Start importing Assets/Sprites/Player/Attack/2 using Guid(391c64383fc50964caee87a5c6f9690f) Importer(2089858483,0ecaa5967403d082aa24f35e1b516d23)  -> (artifact id: 'e4a4a4098cd51c6056f4a5bc7ccc87ae') in 0.028193 seconds
Number of updated asset objects reloaded before import = 0
Number of asset objects unloaded after import = 1
========================================================================
Received Import Request.
  Time since last request: 0.561261 seconds.
  path: Assets/Sprites/Player/Attack/2
  artifactKey: Guid(391c64383fc50964caee87a5c6f9690f) Importer(815301076,1909f56bfc062723c751e8b465ee728b)
Start importing Assets/Sprites/Player/Attack/2 using Guid(391c64383fc50964caee87a5c6f9690f) Importer(815301076,1909f56bfc062723c751e8b465ee728b)  -> (artifact id: 'd18abd386dc9c4ca5e67f2b60b4a1c5b') in 0.000878 seconds
Number of updated asset objects reloaded before import = 0
Number of asset objects unloaded after import = 0
========================================================================
Received Import Request.
  Time since last request: 20.758913 seconds.
  path: Assets/Sprites/Player/Attack/2/MN_NINJA2_Attack2_007.png
  artifactKey: Guid(547c0832b7ffb2940b28b42a90180491) Importer(815301076,1909f56bfc062723c751e8b465ee728b)
Start importing Assets/Sprites/Player/Attack/2/MN_NINJA2_Attack2_007.png using Guid(547c0832b7ffb2940b28b42a90180491) Importer(815301076,1909f56bfc062723c751e8b465ee728b)  -> (artifact id: 'c2db4a87490858a7d5ee1bcc6754b776') in 0.072263 seconds
Number of updated asset objects reloaded before import = 0
Number of asset objects unloaded after import = 3
========================================================================
Received Import Request.
  Time since last request: 0.632541 seconds.
  path: Assets/Sprites/Player/Attack/2/MN_NINJA2_Attack2_004.png
  artifactKey: Guid(e757864a83ab05744a9ee9104d5bb32e) Importer(2089858483,0ecaa5967403d082aa24f35e1b516d23)
Start importing Assets/Sprites/Player/Attack/2/MN_NINJA2_Attack2_004.png using Guid(e757864a83ab05744a9ee9104d5bb32e) Importer(2089858483,0ecaa5967403d082aa24f35e1b516d23)  -> (artifact id: 'bc4c3501ceded07dedc5d0622d048d64') in 0.143146 seconds
Number of updated asset objects reloaded before import = 0
Number of asset objects unloaded after import = 3
========================================================================
Received Import Request.
  Time since last request: 0.000068 seconds.
  path: Assets/Sprites/Player/Attack/2/MN_NINJA2_Attack2_003.png
  artifactKey: Guid(e60712ce26c892543b18efad73b85dfd) Importer(2089858483,0ecaa5967403d082aa24f35e1b516d23)
Start importing Assets/Sprites/Player/Attack/2/MN_NINJA2_Attack2_003.png using Guid(e60712ce26c892543b18efad73b85dfd) Importer(2089858483,0ecaa5967403d082aa24f35e1b516d23)  -> (artifact id: 'eddee914e5d4fe6e5a93eb9ae238cd5c') in 0.116072 seconds
Number of updated asset objects reloaded before import = 0
Number of asset objects unloaded after import = 3
========================================================================
Received Import Request.
  Time since last request: 0.000038 seconds.
  path: Assets/Sprites/Player/Attack/2/MN_NINJA2_Attack2_000.png
  artifactKey: Guid(aa3bb43fa37c375479e57d8133fe0db9) Importer(2089858483,0ecaa5967403d082aa24f35e1b516d23)
Start importing Assets/Sprites/Player/Attack/2/MN_NINJA2_Attack2_000.png using Guid(aa3bb43fa37c375479e57d8133fe0db9) Importer(2089858483,0ecaa5967403d082aa24f35e1b516d23)  -> (artifact id: '0194d0ed921acb4edda68c800a2aa7a6') in 0.056737 seconds
Number of updated asset objects reloaded before import = 0
Number of asset objects unloaded after import = 3
Editor requested this worker to shutdown with reason: Scaling down because of idle timeout
TcpMessagingSession - receive error: operation aborted. errorcode: 995, details: The I/O operation has been aborted because of either a thread exit or an application request.
AssetImportWorker is now disconnected from the server
Process exiting
Exiting without the bug reporter. Application will terminate with return code 0