Using pre-set license
Built from '2022.3/staging' branch; Version is '2022.3.23f1 (dbb3f7c5b5c6) revision 14398455'; Using compiler version '192829333'; Build Type 'Release'
OS: 'Windows 11  (10.0.22631) 64bit Core' Language: 'en' Physical Memory: 32495 MB
BatchMode: 1, IsHumanControllingUs: 0, StartBugReporterOnCrash: 0, Is64bit: 1, IsPro: 1

COMMAND LINE ARGUMENTS:
C:\dev\unity\2022.3.23f1\Editor\Unity.exe
-adb2
-batchMode
-noUpm
-name
AssetImportWorker4
-projectPath
C:/dev/unity/Nemours/Nemours-Hospital-Hero/Hospital Hero
-logFile
Logs/AssetImportWorker4.log
-srvPort
63035
Successfully changed project path to: C:/dev/unity/Nemours/Nemours-Hospital-Hero/Hospital Hero
C:/dev/unity/Nemours/Nemours-Hospital-Hero/Hospital Hero
[UnityMemory] Configuration Parameters - Can be set up in boot.config
    "memorysetup-bucket-allocator-granularity=16"
    "memorysetup-bucket-allocator-bucket-count=8"
    "memorysetup-bucket-allocator-block-size=33554432"
    "memorysetup-bucket-allocator-block-count=8"
    "memorysetup-main-allocator-block-size=16777216"
    "memorysetup-thread-allocator-block-size=16777216"
    "memorysetup-gfx-main-allocator-block-size=16777216"
    "memorysetup-gfx-thread-allocator-block-size=16777216"
    "memorysetup-cache-allocator-block-size=4194304"
    "memorysetup-typetree-allocator-block-size=2097152"
    "memorysetup-profiler-bucket-allocator-granularity=16"
    "memorysetup-profiler-bucket-allocator-bucket-count=8"
    "memorysetup-profiler-bucket-allocator-block-size=33554432"
    "memorysetup-profiler-bucket-allocator-block-count=8"
    "memorysetup-profiler-allocator-block-size=16777216"
    "memorysetup-profiler-editor-allocator-block-size=1048576"
    "memorysetup-temp-allocator-size-main=16777216"
    "memorysetup-job-temp-allocator-block-size=2097152"
    "memorysetup-job-temp-allocator-block-size-background=1048576"
    "memorysetup-job-temp-allocator-reduction-small-platforms=262144"
    "memorysetup-allocator-temp-initial-block-size-main=262144"
    "memorysetup-allocator-temp-initial-block-size-worker=262144"
    "memorysetup-temp-allocator-size-background-worker=32768"
    "memorysetup-temp-allocator-size-job-worker=262144"
    "memorysetup-temp-allocator-size-preload-manager=33554432"
    "memorysetup-temp-allocator-size-nav-mesh-worker=65536"
    "memorysetup-temp-allocator-size-audio-worker=65536"
    "memorysetup-temp-allocator-size-cloud-worker=32768"
    "memorysetup-temp-allocator-size-gi-baking-worker=262144"
    "memorysetup-temp-allocator-size-gfx=262144"
Player connection [25988] Host "[IP] 10.0.0.41 [Port] 0 [Flags] 2 [Guid] 481291604 [EditorId] 481291604 [Version] 1048832 [Id] WindowsEditor(7,BLUEHEN2-LAPTOP) [Debug] 1 [PackageName] WindowsEditor [ProjectName] Editor" joined multi-casting on [225.0.0.222:54997]...

Player connection [25988] Host "[IP] 10.0.0.41 [Port] 0 [Flags] 2 [Guid] 481291604 [EditorId] 481291604 [Version] 1048832 [Id] WindowsEditor(7,BLUEHEN2-LAPTOP) [Debug] 1 [PackageName] WindowsEditor [ProjectName] Editor" joined alternative multi-casting on [225.0.0.222:34997]...

[Physics::Module] Initialized MultithreadedJobDispatcher with 11 workers.
Refreshing native plugins compatible for Editor in 45.83 ms, found 3 plugins.
Preloading 0 native plugins for Editor in 0.00 ms.
Initialize engine version: 2022.3.23f1 (dbb3f7c5b5c6)
[Subsystems] Discovering subsystems at path C:/dev/unity/2022.3.23f1/Editor/Data/Resources/UnitySubsystems
[Subsystems] Discovering subsystems at path C:/dev/unity/Nemours/Nemours-Hospital-Hero/Hospital Hero/Assets
GfxDevice: creating device client; threaded=0; jobified=0
Direct3D:
    Version:  Direct3D 11.0 [level 11.1]
    Renderer: NVIDIA GeForce GTX 1650 (ID=0x1f91)
    Vendor:   NVIDIA
    VRAM:     3938 MB
    Driver:   32.0.15.5599
Initialize mono
Mono path[0] = 'C:/dev/unity/2022.3.23f1/Editor/Data/Managed'
Mono path[1] = 'C:/dev/unity/2022.3.23f1/Editor/Data/MonoBleedingEdge/lib/mono/unityjit-win32'
Mono config path = 'C:/dev/unity/2022.3.23f1/Editor/Data/MonoBleedingEdge/etc'
Using monoOptions --debugger-agent=transport=dt_socket,embedding=1,server=y,suspend=n,address=127.0.0.1:56888
Begin MonoManager ReloadAssembly
Registering precompiled unity dll's ...
Register platform support module: C:/dev/unity/2022.3.23f1/Editor/Data/PlaybackEngines/WindowsStandaloneSupport/UnityEditor.WindowsStandalone.Extensions.dll
Registered in 0.018132 seconds.
- Loaded All Assemblies, in  0.848 seconds
Native extension for WindowsStandalone target not found
Mono: successfully reloaded assembly
- Finished resetting the current domain, in  0.604 seconds
Domain Reload Profiling: 1446ms
	BeginReloadAssembly (343ms)
		ExecutionOrderSort (0ms)
		DisableScriptedObjects (0ms)
		BackupInstance (0ms)
		ReleaseScriptingObjects (0ms)
		CreateAndSetChildDomain (1ms)
	RebuildCommonClasses (126ms)
	RebuildNativeTypeToScriptingClass (19ms)
	initialDomainReloadingComplete (108ms)
	LoadAllAssembliesAndSetupDomain (244ms)
		LoadAssemblies (336ms)
		RebuildTransferFunctionScriptingTraits (0ms)
		AnalyzeDomain (241ms)
			TypeCache.Refresh (237ms)
				TypeCache.ScanAssembly (210ms)
			ScanForSourceGeneratedMonoScriptInfo (1ms)
			ResolveRequiredComponents (1ms)
	FinalizeReload (605ms)
		ReleaseScriptCaches (0ms)
		RebuildScriptCaches (0ms)
		SetupLoadedEditorAssemblies (459ms)
			LogAssemblyErrors (0ms)
			InitializePlatformSupportModulesInManaged (33ms)
			SetLoadedEditorAssemblies (23ms)
			RefreshPlugins (0ms)
			BeforeProcessingInitializeOnLoad (6ms)
			ProcessInitializeOnLoadAttributes (319ms)
			ProcessInitializeOnLoadMethodAttributes (79ms)
			AfterProcessingInitializeOnLoad (0ms)
			EditorAssembliesLoaded (0ms)
		ExecutionOrderSort2 (0ms)
		AwakeInstancesAfterBackupRestoration (0ms)
========================================================================
Worker process is ready to serve import requests
Begin MonoManager ReloadAssembly
- Loaded All Assemblies, in  1.893 seconds
Refreshing native plugins compatible for Editor in 26.78 ms, found 3 plugins.
Native extension for WindowsStandalone target not found
Package Manager log level set to [2]
[Package Manager] Server::EnsureServerProcessIsRunning -- launch failed, reason: Unity was launched with the -noUpm command-line argument
[Package Manager] UpmClient::Send -- Unable to send message (not connected to UPM process).
[Package Manager] Cannot connect to Unity Package Manager local server
Mono: successfully reloaded assembly
- Finished resetting the current domain, in  2.401 seconds
Domain Reload Profiling: 4284ms
	BeginReloadAssembly (577ms)
		ExecutionOrderSort (0ms)
		DisableScriptedObjects (27ms)
		BackupInstance (0ms)
		ReleaseScriptingObjects (0ms)
		CreateAndSetChildDomain (84ms)
	RebuildCommonClasses (62ms)
	RebuildNativeTypeToScriptingClass (19ms)
	initialDomainReloadingComplete (84ms)
	LoadAllAssembliesAndSetupDomain (1140ms)
		LoadAssemblies (990ms)
		RebuildTransferFunctionScriptingTraits (0ms)
		AnalyzeDomain (440ms)
			TypeCache.Refresh (367ms)
				TypeCache.ScanAssembly (337ms)
			ScanForSourceGeneratedMonoScriptInfo (45ms)
			ResolveRequiredComponents (24ms)
	FinalizeReload (2402ms)
		ReleaseScriptCaches (0ms)
		RebuildScriptCaches (0ms)
		SetupLoadedEditorAssemblies (1818ms)
			LogAssemblyErrors (0ms)
			InitializePlatformSupportModulesInManaged (32ms)
			SetLoadedEditorAssemblies (19ms)
			RefreshPlugins (0ms)
			BeforeProcessingInitializeOnLoad (299ms)
			ProcessInitializeOnLoadAttributes (1327ms)
			ProcessInitializeOnLoadMethodAttributes (85ms)
			AfterProcessingInitializeOnLoad (55ms)
			EditorAssembliesLoaded (0ms)
		ExecutionOrderSort2 (0ms)
		AwakeInstancesAfterBackupRestoration (24ms)
Launched and connected shader compiler UnityShaderCompiler.exe after 0.10 seconds
Refreshing native plugins compatible for Editor in 9.48 ms, found 3 plugins.
Preloading 0 native plugins for Editor in 0.00 ms.
Unloading 3095 Unused Serialized files (Serialized files now loaded: 0)
Unloading 32 unused Assets / (57.4 KB). Loaded Objects now: 3556.
Memory consumption went from 121.1 MB to 121.1 MB.
Total: 9.235000 ms (FindLiveObjects: 0.360800 ms CreateObjectMapping: 0.283600 ms MarkObjects: 8.437900 ms  DeleteObjects: 0.151100 ms)

AssetImportParameters requested are different than current active one (requested -> active):
  custom:container-demuxer-ogg: 62fdf1f143b41e24485cea50d1cbac27 -> 
  custom:video-codec-MediaFoundation-h265: 746d11721c4dcdbdad8f713fa42b33f4 -> 
  custom:video-decoder-ogg-theora: a1e56fd34408186e4bbccfd4996cb3dc -> 
  custom:framework-win-MediaFoundation: 216162199b28c13a410421893ffa2e32 -> 
  custom:CustomObjectIndexerAttribute: 9a22284fe3817be447336de3de66b15e -> 
  custom:container-demuxer-webm: 4f35f7cbe854078d1ac9338744f61a02 -> 
  custom:container-muxer-webm: aa71ff27fc2769a1b78a27578f13a17b -> 
  custom:video-decoder-webm-vp8: 9c59270c3fd7afecdb556c50c9e8de78 -> 
  custom:SearchIndexIgnoredProperties: e643bd26f0fe6173181afceb89e7c659 -> 
  custom:AudioImporter_EditorPlatform: d09bf68614088b80899f8185d706f6e7 -> 
  custom:video-encoder-webm-vp8: eb34c28f22e8b96e1ab97ce403110664 -> 
  custom:audio-decoder-ogg-vorbis: bf7c407c2cedff20999df2af8eb42d56 -> 
  custom:audio-encoder-webm-vorbis: bf7c407c2cedff20999df2af8eb42d56 -> 
========================================================================
Received Import Request.
  Time since last request: 498635.591374 seconds.
  path: Assets/Sprites/Player/Hurt/MN_NINJA2_Hurt_005.png
  artifactKey: Guid(cc274751dd90cde438cc3621902301a7) Importer(815301076,1909f56bfc062723c751e8b465ee728b)
Start importing Assets/Sprites/Player/Hurt/MN_NINJA2_Hurt_005.png using Guid(cc274751dd90cde438cc3621902301a7) Importer(815301076,1909f56bfc062723c751e8b465ee728b)  -> (artifact id: 'fa6896341857e10db82020fd5f93e6c1') in 0.313297 seconds
Number of updated asset objects reloaded before import = 0
Number of asset objects unloaded after import = 3
========================================================================
Received Import Request.
  Time since last request: 0.370364 seconds.
  path: Assets/Sprites/Player/Hurt/MN_NINJA2_Hurt_000.png
  artifactKey: Guid(20eaf351fecc60d41bfb766b36d3d2b6) Importer(2089858483,0ecaa5967403d082aa24f35e1b516d23)
Start importing Assets/Sprites/Player/Hurt/MN_NINJA2_Hurt_000.png using Guid(20eaf351fecc60d41bfb766b36d3d2b6) Importer(2089858483,0ecaa5967403d082aa24f35e1b516d23)  -> (artifact id: '50cc34e355c2c7db6fa0eb89229b83b9') in 0.313335 seconds
Number of updated asset objects reloaded before import = 0
Number of asset objects unloaded after import = 3
========================================================================
Received Import Request.
  Time since last request: 27.503077 seconds.
  path: Assets/Sprites/Player/Jump/JumpUp
  artifactKey: Guid(605650eb54e778b4ebf827b5b819c78f) Importer(815301076,1909f56bfc062723c751e8b465ee728b)
Start importing Assets/Sprites/Player/Jump/JumpUp using Guid(605650eb54e778b4ebf827b5b819c78f) Importer(815301076,1909f56bfc062723c751e8b465ee728b)  -> (artifact id: '33976dfc877ecf2df05a036f86aae7a0') in 0.002623 seconds
Number of updated asset objects reloaded before import = 0
Number of asset objects unloaded after import = 0
========================================================================
Received Import Request.
  Time since last request: 0.894334 seconds.
  path: Assets/Sprites/Player/Jump/JumpUp
  artifactKey: Guid(605650eb54e778b4ebf827b5b819c78f) Importer(2089858483,0ecaa5967403d082aa24f35e1b516d23)
Start importing Assets/Sprites/Player/Jump/JumpUp using Guid(605650eb54e778b4ebf827b5b819c78f) Importer(2089858483,0ecaa5967403d082aa24f35e1b516d23)  -> (artifact id: '840256ba5485d1a009822e4fa3a39c38') in 0.046438 seconds
Number of updated asset objects reloaded before import = 0
Number of asset objects unloaded after import = 1
========================================================================
Received Import Request.
  Time since last request: 6.339681 seconds.
  path: Assets/Sprites/Player/Jump/JumpFall
  artifactKey: Guid(dde739f7dbb129e488fb30703d4d8a65) Importer(815301076,1909f56bfc062723c751e8b465ee728b)
Start importing Assets/Sprites/Player/Jump/JumpFall using Guid(dde739f7dbb129e488fb30703d4d8a65) Importer(815301076,1909f56bfc062723c751e8b465ee728b)  -> (artifact id: '7d29531f6148aff2bb94387f69644e6e') in 0.002445 seconds
Number of updated asset objects reloaded before import = 0
Number of asset objects unloaded after import = 0
========================================================================
Received Import Request.
  Time since last request: 0.902251 seconds.
  path: Assets/Sprites/Player/Jump/JumpFall
  artifactKey: Guid(dde739f7dbb129e488fb30703d4d8a65) Importer(2089858483,0ecaa5967403d082aa24f35e1b516d23)
Start importing Assets/Sprites/Player/Jump/JumpFall using Guid(dde739f7dbb129e488fb30703d4d8a65) Importer(2089858483,0ecaa5967403d082aa24f35e1b516d23)  -> (artifact id: '461923db98fef7aa9044f5cb6fd3a8cf') in 0.050221 seconds
Number of updated asset objects reloaded before import = 0
Number of asset objects unloaded after import = 1
========================================================================
Received Import Request.
  Time since last request: 23.049590 seconds.
  path: Assets/Sprites/Player/Jump/JumpFall/MN_NINJA2_JumpFall_004.png
  artifactKey: Guid(cd57a51d51c10ea4087c3f31cfce450d) Importer(815301076,1909f56bfc062723c751e8b465ee728b)
Start importing Assets/Sprites/Player/Jump/JumpFall/MN_NINJA2_JumpFall_004.png using Guid(cd57a51d51c10ea4087c3f31cfce450d) Importer(815301076,1909f56bfc062723c751e8b465ee728b)  -> (artifact id: '7a80afd37d2a3d3046cd3104948dc1aa') in 0.063936 seconds
Number of updated asset objects reloaded before import = 0
Number of asset objects unloaded after import = 3
========================================================================
Received Import Request.
  Time since last request: 0.560053 seconds.
  path: Assets/Sprites/Player/Jump/JumpFall/MN_NINJA2_JumpFall_002.png
  artifactKey: Guid(85f9f6391b908bd49a7f04b663d779f3) Importer(2089858483,0ecaa5967403d082aa24f35e1b516d23)
Start importing Assets/Sprites/Player/Jump/JumpFall/MN_NINJA2_JumpFall_002.png using Guid(85f9f6391b908bd49a7f04b663d779f3) Importer(2089858483,0ecaa5967403d082aa24f35e1b516d23)  -> (artifact id: 'd17f660136cf9a5a75f1463898205db9') in 0.135664 seconds
Number of updated asset objects reloaded before import = 0
Number of asset objects unloaded after import = 3
========================================================================
Received Import Request.
  Time since last request: 21.192218 seconds.
  path: Assets/Sprites/Player/Jump/JumpUp/MN_NINJA2_JumpUp_004.png
  artifactKey: Guid(ed505f21ddcc9384cb0d5f2564c121c9) Importer(815301076,1909f56bfc062723c751e8b465ee728b)
Start importing Assets/Sprites/Player/Jump/JumpUp/MN_NINJA2_JumpUp_004.png using Guid(ed505f21ddcc9384cb0d5f2564c121c9) Importer(815301076,1909f56bfc062723c751e8b465ee728b)  -> (artifact id: '0239f8b34e9038918ec4d2e9b1b0dfe1') in 0.052596 seconds
Number of updated asset objects reloaded before import = 0
Number of asset objects unloaded after import = 3
========================================================================
Received Import Request.
  Time since last request: 0.329045 seconds.
  path: Assets/Sprites/Player/Jump/JumpUp/MN_NINJA2_JumpUp_004.png
  artifactKey: Guid(ed505f21ddcc9384cb0d5f2564c121c9) Importer(2089858483,0ecaa5967403d082aa24f35e1b516d23)
Start importing Assets/Sprites/Player/Jump/JumpUp/MN_NINJA2_JumpUp_004.png using Guid(ed505f21ddcc9384cb0d5f2564c121c9) Importer(2089858483,0ecaa5967403d082aa24f35e1b516d23)  -> (artifact id: 'a78ef24ce7af703e846fc241bf14f0e5') in 0.108534 seconds
Number of updated asset objects reloaded before import = 0
Number of asset objects unloaded after import = 3
========================================================================
Received Import Request.
  Time since last request: 0.000174 seconds.
  path: Assets/Sprites/Player/Jump/JumpUp/MN_NINJA2_JumpUp_000.png
  artifactKey: Guid(b0a71faa8b3643941967b897b8653e73) Importer(2089858483,0ecaa5967403d082aa24f35e1b516d23)
Start importing Assets/Sprites/Player/Jump/JumpUp/MN_NINJA2_JumpUp_000.png using Guid(b0a71faa8b3643941967b897b8653e73) Importer(2089858483,0ecaa5967403d082aa24f35e1b516d23)  -> (artifact id: 'dd3a40a4a4da2318e334413c843fa183') in 0.128289 seconds
Number of updated asset objects reloaded before import = 0
Number of asset objects unloaded after import = 3
========================================================================
Received Import Request.
  Time since last request: 123.383133 seconds.
  path: Assets/Sprites/Enemy
  artifactKey: Guid(38a752050747d204aae32d3da8049b55) Importer(815301076,1909f56bfc062723c751e8b465ee728b)
Start importing Assets/Sprites/Enemy using Guid(38a752050747d204aae32d3da8049b55) Importer(815301076,1909f56bfc062723c751e8b465ee728b)  -> (artifact id: 'a5708c40a2f4a67c09a1f4b9623b7c93') in 0.002169 seconds
Number of updated asset objects reloaded before import = 0
Number of asset objects unloaded after import = 0
========================================================================
Received Import Request.
  Time since last request: 0.895332 seconds.
  path: Assets/Sprites/Enemy
  artifactKey: Guid(38a752050747d204aae32d3da8049b55) Importer(2089858483,0ecaa5967403d082aa24f35e1b516d23)
Start importing Assets/Sprites/Enemy using Guid(38a752050747d204aae32d3da8049b55) Importer(2089858483,0ecaa5967403d082aa24f35e1b516d23)  -> (artifact id: '7d61df6a929200006d1e7e05529558d4') in 0.033126 seconds
Number of updated asset objects reloaded before import = 0
Number of asset objects unloaded after import = 1
========================================================================
Received Import Request.
  Time since last request: 66.595560 seconds.
  path: Assets/Sprites/Enemy/Red
  artifactKey: Guid(46c74565461856d4f9ab7cfd49d4f39f) Importer(815301076,1909f56bfc062723c751e8b465ee728b)
Start importing Assets/Sprites/Enemy/Red using Guid(46c74565461856d4f9ab7cfd49d4f39f) Importer(815301076,1909f56bfc062723c751e8b465ee728b)  -> (artifact id: 'c35be8634db68c12f08b4ef997ac277a') in 0.001578 seconds
Number of updated asset objects reloaded before import = 0
Number of asset objects unloaded after import = 0
========================================================================
Received Import Request.
  Time since last request: 0.891334 seconds.
  path: Assets/Sprites/Enemy/Red
  artifactKey: Guid(46c74565461856d4f9ab7cfd49d4f39f) Importer(2089858483,0ecaa5967403d082aa24f35e1b516d23)
Start importing Assets/Sprites/Enemy/Red using Guid(46c74565461856d4f9ab7cfd49d4f39f) Importer(2089858483,0ecaa5967403d082aa24f35e1b516d23)  -> (artifact id: 'ccf8af2ce8826878cac0398323e9a421') in 0.044694 seconds
Number of updated asset objects reloaded before import = 0
Number of asset objects unloaded after import = 1
========================================================================
Received Import Request.
  Time since last request: 6.661712 seconds.
  path: Assets/Sprites/Enemy/Green
  artifactKey: Guid(debe44493de16cc4a961de4bc2bcf395) Importer(815301076,1909f56bfc062723c751e8b465ee728b)
Start importing Assets/Sprites/Enemy/Green using Guid(debe44493de16cc4a961de4bc2bcf395) Importer(815301076,1909f56bfc062723c751e8b465ee728b)  -> (artifact id: 'f26ddefc5f0a7aea754091444c48351c') in 0.002348 seconds
Number of updated asset objects reloaded before import = 0
Number of asset objects unloaded after import = 0
========================================================================
Received Import Request.
  Time since last request: 2.794608 seconds.
  path: Assets/Sprites/Enemy/Green
  artifactKey: Guid(debe44493de16cc4a961de4bc2bcf395) Importer(2089858483,0ecaa5967403d082aa24f35e1b516d23)
Start importing Assets/Sprites/Enemy/Green using Guid(debe44493de16cc4a961de4bc2bcf395) Importer(2089858483,0ecaa5967403d082aa24f35e1b516d23)  -> (artifact id: '890f2aecef0dc1085153922011cc877f') in 0.014531 seconds
Number of updated asset objects reloaded before import = 0
Number of asset objects unloaded after import = 1
========================================================================
Received Import Request.
  Time since last request: 2.670100 seconds.
  path: Assets/Sprites/Enemy/Blue
  artifactKey: Guid(20047f86ec9cacc43a32067aaa31eb24) Importer(815301076,1909f56bfc062723c751e8b465ee728b)
Start importing Assets/Sprites/Enemy/Blue using Guid(20047f86ec9cacc43a32067aaa31eb24) Importer(815301076,1909f56bfc062723c751e8b465ee728b)  -> (artifact id: '7d98e5c6bcd3d04d7601a588dfac18f4') in 0.001361 seconds
Number of updated asset objects reloaded before import = 0
Number of asset objects unloaded after import = 0
========================================================================
Received Import Request.
  Time since last request: 0.900464 seconds.
  path: Assets/Sprites/Enemy/Blue
  artifactKey: Guid(20047f86ec9cacc43a32067aaa31eb24) Importer(2089858483,0ecaa5967403d082aa24f35e1b516d23)
Start importing Assets/Sprites/Enemy/Blue using Guid(20047f86ec9cacc43a32067aaa31eb24) Importer(2089858483,0ecaa5967403d082aa24f35e1b516d23)  -> (artifact id: 'd696ce2ee374a9b5f0b005aca0e9b735') in 0.051956 seconds
Number of updated asset objects reloaded before import = 0
Number of asset objects unloaded after import = 1
========================================================================
Received Import Request.
  Time since last request: 16.040362 seconds.
  path: Assets/Sprites/Enemy/Blue/walk.png
  artifactKey: Guid(2ae6cacb7daebbf4f8635a128a63040e) Importer(815301076,1909f56bfc062723c751e8b465ee728b)
Start importing Assets/Sprites/Enemy/Blue/walk.png using Guid(2ae6cacb7daebbf4f8635a128a63040e) Importer(815301076,1909f56bfc062723c751e8b465ee728b)  -> (artifact id: '353041b402e14db603418bd88563d223') in 0.070937 seconds
Number of updated asset objects reloaded before import = 0
Number of asset objects unloaded after import = 3
========================================================================
Received Import Request.
  Time since last request: 0.538784 seconds.
  path: Assets/Sprites/Enemy/Blue/Attack_2.png
  artifactKey: Guid(539561af86749ab4fba34dd4b7824aa3) Importer(2089858483,0ecaa5967403d082aa24f35e1b516d23)
Start importing Assets/Sprites/Enemy/Blue/Attack_2.png using Guid(539561af86749ab4fba34dd4b7824aa3) Importer(2089858483,0ecaa5967403d082aa24f35e1b516d23)  -> (artifact id: '684fde57ed0d4d3848a62b263449d383') in 0.151486 seconds
Number of updated asset objects reloaded before import = 0
Number of asset objects unloaded after import = 3
========================================================================
Received Import Request.
  Time since last request: 0.000095 seconds.
  path: Assets/Sprites/Enemy/Blue/Run+Attack.png
  artifactKey: Guid(37166aaa66c13434ea8287cf9b386dcc) Importer(2089858483,0ecaa5967403d082aa24f35e1b516d23)
Start importing Assets/Sprites/Enemy/Blue/Run+Attack.png using Guid(37166aaa66c13434ea8287cf9b386dcc) Importer(2089858483,0ecaa5967403d082aa24f35e1b516d23)  -> (artifact id: 'e3be7e2b08cf63c82e5d8a0cec8d2827') in 0.100959 seconds
Number of updated asset objects reloaded before import = 0
Number of asset objects unloaded after import = 3
========================================================================
Received Import Request.
  Time since last request: 0.000067 seconds.
  path: Assets/Sprites/Enemy/Blue/Jump.png
  artifactKey: Guid(1286e2aa7f1d6f548911ffa9aa907fac) Importer(2089858483,0ecaa5967403d082aa24f35e1b516d23)
Start importing Assets/Sprites/Enemy/Blue/Jump.png using Guid(1286e2aa7f1d6f548911ffa9aa907fac) Importer(2089858483,0ecaa5967403d082aa24f35e1b516d23)  -> (artifact id: '1e8fad82bc5e247d6eba968039be0f43') in 0.041416 seconds
Number of updated asset objects reloaded before import = 0
Number of asset objects unloaded after import = 3
========================================================================
Received Import Request.
  Time since last request: 0.000111 seconds.
  path: Assets/Sprites/Enemy/Blue/Run.png
  artifactKey: Guid(08fe032d5d36a35459991f3ea444fef4) Importer(2089858483,0ecaa5967403d082aa24f35e1b516d23)
Start importing Assets/Sprites/Enemy/Blue/Run.png using Guid(08fe032d5d36a35459991f3ea444fef4) Importer(2089858483,0ecaa5967403d082aa24f35e1b516d23)  -> (artifact id: '3916bb0e93b639cc540691af5f6a7819') in 0.036498 seconds
Number of updated asset objects reloaded before import = 0
Number of asset objects unloaded after import = 3
========================================================================
Received Import Request.
  Time since last request: 0.000048 seconds.
  path: Assets/Sprites/Enemy/Blue/Attack_1.png
  artifactKey: Guid(606b84184463b7643bc3b0f20de370fb) Importer(2089858483,0ecaa5967403d082aa24f35e1b516d23)
Start importing Assets/Sprites/Enemy/Blue/Attack_1.png using Guid(606b84184463b7643bc3b0f20de370fb) Importer(2089858483,0ecaa5967403d082aa24f35e1b516d23)  -> (artifact id: '005a31483301d8822996a8cc5de502c1') in 0.045357 seconds
Number of updated asset objects reloaded before import = 0
Number of asset objects unloaded after import = 3
========================================================================
Received Import Request.
  Time since last request: 9.537635 seconds.
  path: Assets/Sprites/Enemy/Blue/Attack_2.png
  artifactKey: Guid(539561af86749ab4fba34dd4b7824aa3) Importer(815301076,1909f56bfc062723c751e8b465ee728b)
Start importing Assets/Sprites/Enemy/Blue/Attack_2.png using Guid(539561af86749ab4fba34dd4b7824aa3) Importer(815301076,1909f56bfc062723c751e8b465ee728b)  -> (artifact id: 'ee4b67ddd0f693109b144abc23523d39') in 0.028997 seconds
Number of updated asset objects reloaded before import = 0
Number of asset objects unloaded after import = 3
========================================================================
Received Import Request.
  Time since last request: 5.262996 seconds.
  path: Assets/Sprites/Enemy/Blue/Attack_3.png
  artifactKey: Guid(c1d4183f56e439d4fa603e4524a70a89) Importer(815301076,1909f56bfc062723c751e8b465ee728b)
Start importing Assets/Sprites/Enemy/Blue/Attack_3.png using Guid(c1d4183f56e439d4fa603e4524a70a89) Importer(815301076,1909f56bfc062723c751e8b465ee728b)  -> (artifact id: '1ae4e757700074ed2e903ab9ea86d135') in 0.065889 seconds
Number of updated asset objects reloaded before import = 0
Number of asset objects unloaded after import = 3
========================================================================
Received Import Request.
  Time since last request: 78.931157 seconds.
  path: Assets/Sprites/Enemy/Green/Walk.png
  artifactKey: Guid(a7a27170ab622b145968d95f7c274456) Importer(815301076,1909f56bfc062723c751e8b465ee728b)
Start importing Assets/Sprites/Enemy/Green/Walk.png using Guid(a7a27170ab622b145968d95f7c274456) Importer(815301076,1909f56bfc062723c751e8b465ee728b)  -> (artifact id: '97501200527871732a8b03553456da2b') in 0.051789 seconds
Number of updated asset objects reloaded before import = 0
Number of asset objects unloaded after import = 3
========================================================================
Received Import Request.
  Time since last request: 0.464020 seconds.
  path: Assets/Sprites/Enemy/Green/Attack_3.png
  artifactKey: Guid(0f34df65670bca24881c993e7ff81247) Importer(2089858483,0ecaa5967403d082aa24f35e1b516d23)
Start importing Assets/Sprites/Enemy/Green/Attack_3.png using Guid(0f34df65670bca24881c993e7ff81247) Importer(2089858483,0ecaa5967403d082aa24f35e1b516d23)  -> (artifact id: 'e30d7fc7573c7bce824aab2779a03019') in 0.080852 seconds
Number of updated asset objects reloaded before import = 0
Number of asset objects unloaded after import = 3
========================================================================
Received Import Request.
  Time since last request: 0.000067 seconds.
  path: Assets/Sprites/Enemy/Green/Jump.png
  artifactKey: Guid(27dd042a8c403ea48b14911e63929c29) Importer(2089858483,0ecaa5967403d082aa24f35e1b516d23)
Start importing Assets/Sprites/Enemy/Green/Jump.png using Guid(27dd042a8c403ea48b14911e63929c29) Importer(2089858483,0ecaa5967403d082aa24f35e1b516d23)  -> (artifact id: '1f43ec62ede3037ae14f6b3fb6f7bd88') in 0.086286 seconds
Number of updated asset objects reloaded before import = 0
Number of asset objects unloaded after import = 3
========================================================================
Received Import Request.
  Time since last request: 0.000079 seconds.
  path: Assets/Sprites/Enemy/Green/Dead.png
  artifactKey: Guid(0c603bd90d84cd946b5148332b004b02) Importer(2089858483,0ecaa5967403d082aa24f35e1b516d23)
Start importing Assets/Sprites/Enemy/Green/Dead.png using Guid(0c603bd90d84cd946b5148332b004b02) Importer(2089858483,0ecaa5967403d082aa24f35e1b516d23)  -> (artifact id: '1328976e6351e6ae4625bd5219e5fa81') in 0.066431 seconds
Number of updated asset objects reloaded before import = 0
Number of asset objects unloaded after import = 3
========================================================================
Received Import Request.
  Time since last request: 0.000068 seconds.
  path: Assets/Sprites/Enemy/Green/Hurt.png
  artifactKey: Guid(31faa2b6a3eb3dc4996e63e4034d12be) Importer(2089858483,0ecaa5967403d082aa24f35e1b516d23)
Start importing Assets/Sprites/Enemy/Green/Hurt.png using Guid(31faa2b6a3eb3dc4996e63e4034d12be) Importer(2089858483,0ecaa5967403d082aa24f35e1b516d23)  -> (artifact id: '3843602c15827a88e35bfe8dcef00e8f') in 0.045433 seconds
Number of updated asset objects reloaded before import = 0
Number of asset objects unloaded after import = 3
========================================================================
Received Import Request.
  Time since last request: 0.000036 seconds.
  path: Assets/Sprites/Enemy/Green/Idle.png
  artifactKey: Guid(91feba605419eff47965b82b39854665) Importer(2089858483,0ecaa5967403d082aa24f35e1b516d23)
Start importing Assets/Sprites/Enemy/Green/Idle.png using Guid(91feba605419eff47965b82b39854665) Importer(2089858483,0ecaa5967403d082aa24f35e1b516d23)  -> (artifact id: 'c2f9e1d76e519faa1328af81780d5293') in 0.043035 seconds
Number of updated asset objects reloaded before import = 0
Number of asset objects unloaded after import = 3
========================================================================
Received Import Request.
  Time since last request: 0.000076 seconds.
  path: Assets/Sprites/Enemy/Green/Run.png
  artifactKey: Guid(d703280366b2a6a468c45145f7379a4f) Importer(2089858483,0ecaa5967403d082aa24f35e1b516d23)
Start importing Assets/Sprites/Enemy/Green/Run.png using Guid(d703280366b2a6a468c45145f7379a4f) Importer(2089858483,0ecaa5967403d082aa24f35e1b516d23)  -> (artifact id: '495de3c76d831ce4eb854d910bdb272c') in 0.043464 seconds
Number of updated asset objects reloaded before import = 0
Number of asset objects unloaded after import = 3
========================================================================
Received Import Request.
  Time since last request: 0.000085 seconds.
  path: Assets/Sprites/Enemy/Green/Walk.png
  artifactKey: Guid(a7a27170ab622b145968d95f7c274456) Importer(2089858483,0ecaa5967403d082aa24f35e1b516d23)
Start importing Assets/Sprites/Enemy/Green/Walk.png using Guid(a7a27170ab622b145968d95f7c274456) Importer(2089858483,0ecaa5967403d082aa24f35e1b516d23)  -> (artifact id: '4586fdf40d0661b20bb5f3683ec3187b') in 0.040771 seconds
Number of updated asset objects reloaded before import = 0
Number of asset objects unloaded after import = 3
========================================================================
Received Import Request.
  Time since last request: 0.000045 seconds.
  path: Assets/Sprites/Enemy/Green/Run+Attack.png
  artifactKey: Guid(4aad4da29adae4a49818472cc39df4de) Importer(2089858483,0ecaa5967403d082aa24f35e1b516d23)
Start importing Assets/Sprites/Enemy/Green/Run+Attack.png using Guid(4aad4da29adae4a49818472cc39df4de) Importer(2089858483,0ecaa5967403d082aa24f35e1b516d23)  -> (artifact id: 'f23506377fc4c523b0b10080b1e3203f') in 0.053616 seconds
Number of updated asset objects reloaded before import = 0
Number of asset objects unloaded after import = 3
========================================================================
Received Import Request.
  Time since last request: 14.716217 seconds.
  path: Assets/Sprites/Enemy/Red/Walk.png
  artifactKey: Guid(b427f87b85958054798a3fb4ab502477) Importer(815301076,1909f56bfc062723c751e8b465ee728b)
Start importing Assets/Sprites/Enemy/Red/Walk.png using Guid(b427f87b85958054798a3fb4ab502477) Importer(815301076,1909f56bfc062723c751e8b465ee728b)  -> (artifact id: '257fe147f886b44b919d55b00f0ded8d') in 0.061118 seconds
Number of updated asset objects reloaded before import = 0
Number of asset objects unloaded after import = 3
========================================================================
Received Import Request.
  Time since last request: 0.784971 seconds.
  path: Assets/Sprites/Enemy/Red/Attack_2.png
  artifactKey: Guid(d7eef2b49ebcd3e4eaa532e83c625233) Importer(2089858483,0ecaa5967403d082aa24f35e1b516d23)
Start importing Assets/Sprites/Enemy/Red/Attack_2.png using Guid(d7eef2b49ebcd3e4eaa532e83c625233) Importer(2089858483,0ecaa5967403d082aa24f35e1b516d23)  -> (artifact id: '001db3d61ee6dd5d75f073c4a4be98b2') in 0.110656 seconds
Number of updated asset objects reloaded before import = 0
Number of asset objects unloaded after import = 3
========================================================================
Received Import Request.
  Time since last request: 0.000079 seconds.
  path: Assets/Sprites/Enemy/Red/Jump.png
  artifactKey: Guid(3f203077060f80249b9d23d3e5e6ebee) Importer(2089858483,0ecaa5967403d082aa24f35e1b516d23)
Start importing Assets/Sprites/Enemy/Red/Jump.png using Guid(3f203077060f80249b9d23d3e5e6ebee) Importer(2089858483,0ecaa5967403d082aa24f35e1b516d23)  -> (artifact id: 'f5dcfd1198a31d8a7fc983f25cdc641c') in 0.106011 seconds
Number of updated asset objects reloaded before import = 0
Number of asset objects unloaded after import = 3
========================================================================
Received Import Request.
  Time since last request: 0.000121 seconds.
  path: Assets/Sprites/Enemy/Red/Run.png
  artifactKey: Guid(2a76ce5b831ad14458015c4a3b020a00) Importer(2089858483,0ecaa5967403d082aa24f35e1b516d23)
Start importing Assets/Sprites/Enemy/Red/Run.png using Guid(2a76ce5b831ad14458015c4a3b020a00) Importer(2089858483,0ecaa5967403d082aa24f35e1b516d23)  -> (artifact id: '35a1e3c918bd75e54a2fd462bf9e4ba9') in 0.105062 seconds
Number of updated asset objects reloaded before import = 0
Number of asset objects unloaded after import = 3
========================================================================
Received Import Request.
  Time since last request: 0.000072 seconds.
  path: Assets/Sprites/Enemy/Red/Dead.png
  artifactKey: Guid(28a03b8c6c52dfa419cc4a722a19e4e6) Importer(2089858483,0ecaa5967403d082aa24f35e1b516d23)
Start importing Assets/Sprites/Enemy/Red/Dead.png using Guid(28a03b8c6c52dfa419cc4a722a19e4e6) Importer(2089858483,0ecaa5967403d082aa24f35e1b516d23)  -> (artifact id: 'd42af24b2e9ae101da0343a5e54b5f1a') in 0.097686 seconds
Number of updated asset objects reloaded before import = 0
Number of asset objects unloaded after import = 3
Editor requested this worker to shutdown with reason: Scaling down because of idle timeout
TcpMessagingSession - receive error: operation aborted. errorcode: 995, details: The I/O operation has been aborted because of either a thread exit or an application request.
AssetImportWorker is now disconnected from the server
Process exiting
Exiting without the bug reporter. Application will terminate with return code 0